<?xml version="1.0" encoding="UTF-8"?>
<testng-results skipped="0" failed="0" ignored="0" total="5" passed="5">
  <reporter-output>
  </reporter-output>
  <suite name="Default suite" duration-ms="41583" started-at="2018-10-07T10:41:04Z" finished-at="2018-10-07T10:41:45Z">
    <groups>
    </groups>
    <test name="Default test" duration-ms="41583" started-at="2018-10-07T10:41:04Z" finished-at="2018-10-07T10:41:45Z">
      <class name="com.wstpc.regression.Assignment">
        <test-method status="PASS" signature="beforeTest(java.lang.String)[pri:0, instance:com.wstpc.regression.Assignment@ea1a8d5]" name="beforeTest" is-config="true" duration-ms="13965" started-at="2018-10-07T10:41:04Z" finished-at="2018-10-07T10:41:18Z">
          <params>
            <param index="0">
              <value>
                <![CDATA[https://westpac.co.nz]]>
              </value>
            </param>
          </params>
          <reporter-output>
          </reporter-output>
        </test-method> <!-- beforeTest -->
        <test-method status="PASS" signature="CurrencyConvertorErrValidation()[pri:0, instance:com.wstpc.regression.Assignment@ea1a8d5]" name="CurrencyConvertorErrValidation" duration-ms="7542" started-at="2018-10-07T10:41:18Z" finished-at="2018-10-07T10:41:25Z">
          <reporter-output>
          </reporter-output>
        </test-method> <!-- CurrencyConvertorErrValidation -->
        <test-method status="PASS" signature="CurrencyConversion(java.lang.String, java.lang.String)[pri:1, instance:com.wstpc.regression.Assignment@ea1a8d5]" name="CurrencyConversion" duration-ms="4467" started-at="2018-10-07T10:41:25Z" data-provider="sendData" finished-at="2018-10-07T10:41:30Z">
          <params>
            <param index="0">
              <value>
                <![CDATA[New Zealand Dollar]]>
              </value>
            </param>
            <param index="1">
              <value>
                <![CDATA[United States Dollar]]>
              </value>
            </param>
          </params>
          <reporter-output>
          </reporter-output>
        </test-method> <!-- CurrencyConversion -->
        <test-method status="PASS" signature="CurrencyConversion(java.lang.String, java.lang.String)[pri:1, instance:com.wstpc.regression.Assignment@ea1a8d5]" name="CurrencyConversion" duration-ms="5429" started-at="2018-10-07T10:41:30Z" data-provider="sendData" finished-at="2018-10-07T10:41:35Z">
          <params>
            <param index="0">
              <value>
                <![CDATA[United States Dollar]]>
              </value>
            </param>
            <param index="1">
              <value>
                <![CDATA[New Zealand Dollar]]>
              </value>
            </param>
          </params>
          <reporter-output>
          </reporter-output>
        </test-method> <!-- CurrencyConversion -->
        <test-method status="PASS" signature="CurrencyConversion(java.lang.String, java.lang.String)[pri:1, instance:com.wstpc.regression.Assignment@ea1a8d5]" name="CurrencyConversion" duration-ms="4503" started-at="2018-10-07T10:41:35Z" data-provider="sendData" finished-at="2018-10-07T10:41:40Z">
          <params>
            <param index="0">
              <value>
                <![CDATA[Pound Sterling]]>
              </value>
            </param>
            <param index="1">
              <value>
                <![CDATA[New Zealand Dollar]]>
              </value>
            </param>
          </params>
          <reporter-output>
          </reporter-output>
        </test-method> <!-- CurrencyConversion -->
        <test-method status="PASS" signature="CurrencyConversion(java.lang.String, java.lang.String)[pri:1, instance:com.wstpc.regression.Assignment@ea1a8d5]" name="CurrencyConversion" duration-ms="4523" started-at="2018-10-07T10:41:40Z" data-provider="sendData" finished-at="2018-10-07T10:41:44Z">
          <params>
            <param index="0">
              <value>
                <![CDATA[Swiss Franc]]>
              </value>
            </param>
            <param index="1">
              <value>
                <![CDATA[Euro]]>
              </value>
            </param>
          </params>
          <reporter-output>
          </reporter-output>
        </test-method> <!-- CurrencyConversion -->
        <test-method status="PASS" signature="afterTest()[pri:0, instance:com.wstpc.regression.Assignment@ea1a8d5]" name="afterTest" is-config="true" duration-ms="1131" started-at="2018-10-07T10:41:44Z" finished-at="2018-10-07T10:41:45Z">
          <reporter-output>
          </reporter-output>
        </test-method> <!-- afterTest -->
      </class> <!-- com.wstpc.regression.Assignment -->
    </test> <!-- Default test -->
  </suite> <!-- Default suite -->
</testng-results>
