<?xml version="1.0" encoding="UTF-8"?>
<testng-results skipped="0" failed="0" ignored="0" total="5" passed="5">
  <reporter-output>
  </reporter-output>
  <suite name="regression" duration-ms="40097" started-at="2018-10-06T12:58:13Z" finished-at="2018-10-06T12:58:53Z">
    <groups>
    </groups>
    <test name="WestpacTest" duration-ms="40097" started-at="2018-10-06T12:58:13Z" finished-at="2018-10-06T12:58:53Z">
      <class name="com.wstpc.regression.Assignment">
        <test-method status="PASS" signature="CurrencyConvertorErrValidation(java.lang.String)[pri:0, instance:com.wstpc.regression.Assignment@528931cf]" name="CurrencyConvertorErrValidation" duration-ms="20908" started-at="2018-10-06T12:58:13Z" finished-at="2018-10-06T12:58:34Z">
          <params>
            <param index="0">
              <value>
                <![CDATA[https://westpac.co.nz]]>
              </value>
            </param>
          </params>
          <reporter-output>
          </reporter-output>
        </test-method> <!-- CurrencyConvertorErrValidation -->
        <test-method status="PASS" signature="CurrencyConversion(java.lang.String, java.lang.String)[pri:1, instance:com.wstpc.regression.Assignment@528931cf]" name="CurrencyConversion" duration-ms="4467" started-at="2018-10-06T12:58:34Z" data-provider="sendData" finished-at="2018-10-06T12:58:39Z">
          <params>
            <param index="0">
              <value>
                <![CDATA[New Zealand Dollar]]>
              </value>
            </param>
            <param index="1">
              <value>
                <![CDATA[United States Dollar]]>
              </value>
            </param>
          </params>
          <reporter-output>
          </reporter-output>
        </test-method> <!-- CurrencyConversion -->
        <test-method status="PASS" signature="CurrencyConversion(java.lang.String, java.lang.String)[pri:1, instance:com.wstpc.regression.Assignment@528931cf]" name="CurrencyConversion" duration-ms="4511" started-at="2018-10-06T12:58:39Z" data-provider="sendData" finished-at="2018-10-06T12:58:43Z">
          <params>
            <param index="0">
              <value>
                <![CDATA[United States Dollar]]>
              </value>
            </param>
            <param index="1">
              <value>
                <![CDATA[New Zealand Dollar]]>
              </value>
            </param>
          </params>
          <reporter-output>
          </reporter-output>
        </test-method> <!-- CurrencyConversion -->
        <test-method status="PASS" signature="CurrencyConversion(java.lang.String, java.lang.String)[pri:1, instance:com.wstpc.regression.Assignment@528931cf]" name="CurrencyConversion" duration-ms="4467" started-at="2018-10-06T12:58:43Z" data-provider="sendData" finished-at="2018-10-06T12:58:48Z">
          <params>
            <param index="0">
              <value>
                <![CDATA[Pound Sterling]]>
              </value>
            </param>
            <param index="1">
              <value>
                <![CDATA[New Zealand Dollar]]>
              </value>
            </param>
          </params>
          <reporter-output>
          </reporter-output>
        </test-method> <!-- CurrencyConversion -->
        <test-method status="PASS" signature="CurrencyConversion(java.lang.String, java.lang.String)[pri:1, instance:com.wstpc.regression.Assignment@528931cf]" name="CurrencyConversion" duration-ms="4347" started-at="2018-10-06T12:58:48Z" data-provider="sendData" finished-at="2018-10-06T12:58:52Z">
          <params>
            <param index="0">
              <value>
                <![CDATA[Swiss Franc]]>
              </value>
            </param>
            <param index="1">
              <value>
                <![CDATA[Euro]]>
              </value>
            </param>
          </params>
          <reporter-output>
          </reporter-output>
        </test-method> <!-- CurrencyConversion -->
        <test-method status="PASS" signature="afterTest()[pri:0, instance:com.wstpc.regression.Assignment@528931cf]" name="afterTest" is-config="true" duration-ms="1345" started-at="2018-10-06T12:58:52Z" finished-at="2018-10-06T12:58:53Z">
          <reporter-output>
          </reporter-output>
        </test-method> <!-- afterTest -->
      </class> <!-- com.wstpc.regression.Assignment -->
    </test> <!-- WestpacTest -->
  </suite> <!-- regression -->
</testng-results>
