<?xml version="1.0" encoding="UTF-8"?>
<!-- Generated by org.testng.reporters.JUnitXMLReporter -->
<testsuite hostname="Pallavi" ignored="0" name="WestpacTest" tests="5" failures="0" timestamp="06 Oct 2018 12:58:53 GMT" time="40.097" errors="0">
  <testcase name="CurrencyConvertorErrValidation" time="20.908" classname="com.wstpc.regression.Assignment"/>
  <testcase name="CurrencyConversion" time="4.467" classname="com.wstpc.regression.Assignment"/>
  <testcase name="CurrencyConversion" time="4.511" classname="com.wstpc.regression.Assignment"/>
  <testcase name="CurrencyConversion" time="4.467" classname="com.wstpc.regression.Assignment"/>
  <testcase name="CurrencyConversion" time="4.347" classname="com.wstpc.regression.Assignment"/>
</testsuite> <!-- WestpacTest -->
