<?xml version="1.0" encoding="UTF-8"?>
<!-- Generated by org.testng.reporters.JUnitXMLReporter -->
<testsuite hostname="Pallavi" ignored="0" name="Default test" tests="5" failures="0" timestamp="07 Oct 2018 08:02:12 GMT" time="39.3" errors="0">
  <testcase name="CurrencyConvertorErrValidation" time="20.602" classname="com.wstpc.regression.Assignment"/>
  <testcase name="CurrencyConversion" time="4.392" classname="com.wstpc.regression.Assignment"/>
  <testcase name="CurrencyConversion" time="4.4" classname="com.wstpc.regression.Assignment"/>
  <testcase name="CurrencyConversion" time="4.39" classname="com.wstpc.regression.Assignment"/>
  <testcase name="CurrencyConversion" time="4.331" classname="com.wstpc.regression.Assignment"/>
</testsuite> <!-- Default test -->
