<?xml version="1.0" encoding="UTF-8"?>
<!-- Generated by org.testng.reporters.JUnitXMLReporter -->
<testsuite hostname="Pallavi" ignored="0" name="Default test" tests="5" failures="0" timestamp="06 Oct 2018 12:57:38 GMT" time="40.784" errors="0">
  <testcase name="CurrencyConvertorErrValidation" time="21.386" classname="com.wstpc.regression.Assignment"/>
  <testcase name="CurrencyConversion" time="4.653" classname="com.wstpc.regression.Assignment"/>
  <testcase name="CurrencyConversion" time="4.523" classname="com.wstpc.regression.Assignment"/>
  <testcase name="CurrencyConversion" time="4.485" classname="com.wstpc.regression.Assignment"/>
  <testcase name="CurrencyConversion" time="4.409" classname="com.wstpc.regression.Assignment"/>
</testsuite> <!-- Default test -->
